<?xml version="1.0" encoding="UTF-8"?>
<!-- Generated by org.testng.reporters.JUnitReportReporter -->
<testsuite hostname="LAPTOP-Q6TIU55M" failures="0" tests="1" name="Assignment1.SetUp" time="13.872" errors="0" timestamp="2022-02-07T12:56:17 IST" skipped="0">
  <testcase classname="Assignment1.SetUp" name="open" time="13.872"/>
  <system-out/>
</testsuite> <!-- Assignment1.SetUp -->
