<?xml version="1.0" encoding="UTF-8"?>
<!-- Generated by org.testng.reporters.JUnitReportReporter -->
<testsuite hostname="LAPTOP-Q6TIU55M" failures="0" tests="1" name="Assignment3.DataProviderTest" time="44.589" errors="0" timestamp="2022-02-10T19:41:38 IST" skipped="0">
  <testcase classname="Assignment3.DataProviderTest" name="f" time="44.589"/>
  <system-out/>
</testsuite> <!-- Assignment3.DataProviderTest -->
