<?xml version="1.0" encoding="UTF-8"?>
<!-- Generated by org.testng.reporters.JUnitReportReporter -->
<testsuite hostname="LAPTOP-Q6TIU55M" failures="0" tests="1" name="Assignment4.SwitchTab" time="33.167" errors="0" timestamp="2022-02-09T16:57:01 IST" skipped="0">
  <testcase classname="Assignment4.SwitchTab" name="f" time="33.167"/>
  <system-out/>
</testsuite> <!-- Assignment4.SwitchTab -->
