<?xml version="1.0" encoding="UTF-8"?>
<!-- Generated by org.testng.reporters.JUnitReportReporter -->
<testsuite hostname="LAPTOP-Q6TIU55M" failures="0" tests="1" name="Assignment4.GoogleAccount" time="45.058" errors="0" timestamp="2022-02-10T13:17:23 IST" skipped="0">
  <testcase classname="Assignment4.GoogleAccount" name="f" time="45.058"/>
  <system-out/>
</testsuite> <!-- Assignment4.GoogleAccount -->
