<?xml version="1.0" encoding="UTF-8"?>
<!-- Generated by org.testng.reporters.JUnitReportReporter -->
<testsuite hostname="LAPTOP-Q6TIU55M" failures="0" tests="1" name="Assignment4.PinCode" time="32.161" errors="0" timestamp="2022-02-10T18:56:45 IST" skipped="0">
  <testcase classname="Assignment4.PinCode" name="f" time="32.161"/>
  <system-out/>
</testsuite> <!-- Assignment4.PinCode -->
