<?xml version="1.0" encoding="UTF-8"?>
<!-- Generated by org.testng.reporters.JUnitReportReporter -->
<testsuite hostname="LAPTOP-Q6TIU55M" failures="0" tests="3" name="DragAndDrop.SetSizeOfBrowser" time="50.023" errors="0" timestamp="2022-02-08T16:10:30 IST" skipped="0">
  <testcase classname="DragAndDrop.SetSizeOfBrowser" name="f" time="16.725"/>
  <system-out/>
  <testcase classname="DragAndDrop.SetSizeOfBrowser" name="f2" time="15.169"/>
  <system-out/>
  <testcase classname="DragAndDrop.SetSizeOfBrowser" name="f1" time="18.129"/>
  <system-out/>
</testsuite> <!-- DragAndDrop.SetSizeOfBrowser -->
