<?xml version="1.0" encoding="UTF-8"?>
<!-- Generated by org.testng.reporters.JUnitReportReporter -->
<testsuite hostname="LAPTOP-Q6TIU55M" failures="0" tests="1" name="DragAndDrop.Droppable" time="39.556" errors="0" timestamp="2022-02-07T16:51:45 IST" skipped="0">
  <testcase classname="DragAndDrop.Droppable" name="demo" time="39.556"/>
  <system-out/>
</testsuite> <!-- DragAndDrop.Droppable -->
