<?xml version="1.0" encoding="UTF-8"?>
<!-- Generated by org.testng.reporters.JUnitReportReporter -->
<testsuite hostname="LAPTOP-Q6TIU55M" failures="0" tests="2" name="DragAndDrop.PopUP" time="29.090" errors="0" timestamp="2022-02-08T16:22:50 IST" skipped="0">
  <testcase classname="DragAndDrop.PopUP" name="f" time="15.473"/>
  <system-out/>
  <testcase classname="DragAndDrop.PopUP" name="f2" time="13.617"/>
  <system-out/>
</testsuite> <!-- DragAndDrop.PopUP -->
