<?xml version="1.0" encoding="UTF-8"?>
<!-- Generated by org.testng.reporters.JUnitReportReporter -->
<testsuite hostname="LAPTOP-Q6TIU55M" failures="0" tests="1" name="DragAndDrop.BootStrapDropDown" time="15.946" errors="0" timestamp="2022-02-08T13:55:20 IST" skipped="0">
  <testcase classname="DragAndDrop.BootStrapDropDown" name="dropDown" time="15.946"/>
  <system-out/>
</testsuite> <!-- DragAndDrop.BootStrapDropDown -->
