<?xml version="1.0" encoding="UTF-8"?>
<!-- Generated by org.testng.reporters.JUnitReportReporter -->
<testsuite hostname="LAPTOP-Q6TIU55M" failures="0" tests="3" name="DragAndDrop.ScrollWebPage" time="60.310" errors="0" timestamp="2022-02-08T15:29:52 IST" skipped="0">
  <testcase classname="DragAndDrop.ScrollWebPage" name="f1" time="19.802"/>
  <system-out/>
  <testcase classname="DragAndDrop.ScrollWebPage" name="f2" time="20.850"/>
  <system-out/>
  <testcase classname="DragAndDrop.ScrollWebPage" name="f" time="19.658"/>
  <system-out/>
</testsuite> <!-- DragAndDrop.ScrollWebPage -->
