<?xml version="1.0" encoding="UTF-8"?>
<!-- Generated by org.testng.reporters.JUnitReportReporter -->
<testsuite hostname="LAPTOP-Q6TIU55M" failures="0" tests="2" name="Config.ReadProperty" time="52.245" errors="0" timestamp="2022-02-10T16:57:26 IST" skipped="0">
  <testcase classname="Config.ReadProperty" name="login" time="33.099"/>
  <system-out/>
  <testcase classname="Config.ReadProperty" name="f" time="19.146"/>
  <system-out/>
</testsuite> <!-- Config.ReadProperty -->
