<?xml version="1.0" encoding="UTF-8"?>
<!-- Generated by org.testng.reporters.JUnitReportReporter -->
<testsuite hostname="LAPTOP-Q6TIU55M" failures="0" tests="1" name="DragAndDrop.BrokenLink" time="145.595" errors="0" timestamp="2022-02-10T15:00:54 IST" skipped="0">
  <testcase classname="DragAndDrop.BrokenLink" name="f" time="145.595"/>
  <system-out/>
</testsuite> <!-- DragAndDrop.BrokenLink -->
