<?xml version="1.0" encoding="UTF-8"?>
<!-- Generated by org.testng.reporters.JUnitReportReporter -->
<testsuite hostname="LAPTOP-Q6TIU55M" failures="0" tests="1" name="DragAndDrop.WithoutSendKeys" time="30.687" errors="0" timestamp="2022-02-08T16:53:45 IST" skipped="0">
  <testcase classname="DragAndDrop.WithoutSendKeys" name="f" time="30.687"/>
  <system-out/>
</testsuite> <!-- DragAndDrop.WithoutSendKeys -->
