<?xml version="1.0" encoding="UTF-8"?>
<!-- Generated by org.testng.reporters.JUnitReportReporter -->
<testsuite hostname="LAPTOP-Q6TIU55M" failures="0" tests="1" name="Config.ReadProperty" time="0.011" errors="0" timestamp="2022-02-09T14:24:03 IST" skipped="0">
  <testcase classname="Config.ReadProperty" name="f" time="0.011"/>
  <system-out/>
</testsuite> <!-- Config.ReadProperty -->
